<?xml version="1.0" encoding="UTF-8"?>
<!-- Generated by org.testng.reporters.JUnitReportReporter -->
<testsuite hostname="LAPTOP-NK0NC7FT" failures="0" tests="2" name="com.testvagrant.Tests.TeamRCB" time="0.028" errors="0" timestamp="2022-12-20T01:05:59 IST" skipped="0">
  <testcase classname="com.testvagrant.Tests.TeamRCB" name="getForeignPlayers" time="0.026"/>
  <system-out/>
  <testcase classname="com.testvagrant.Tests.TeamRCB" name="getWicketKeeperCount" time="0.002"/>
  <system-out/>
</testsuite> <!-- com.testvagrant.Tests.TeamRCB -->
